[debug] [2022-10-11T15:44:48.423Z] ----------------------------------------------------------------------
[debug] [2022-10-11T15:44:48.424Z] Command:       /usr/local/bin/node /usr/local/bin/firebase init
[debug] [2022-10-11T15:44:48.424Z] CLI Version:   11.14.1
[debug] [2022-10-11T15:44:48.424Z] Platform:      darwin
[debug] [2022-10-11T15:44:48.424Z] Node Version:  v16.13.2
[debug] [2022-10-11T15:44:48.427Z] Time:          Tue Oct 11 2022 17:44:48 GMT+0200 (Ora legale dell’Europa centrale)
[debug] [2022-10-11T15:44:48.427Z] ----------------------------------------------------------------------
[debug] 
[debug] [2022-10-11T15:44:48.457Z] > command requires scopes: ["email","openid","https://www.googleapis.com/auth/cloudplatformprojects.readonly","https://www.googleapis.com/auth/firebase","https://www.googleapis.com/auth/cloud-platform"]
[debug] [2022-10-11T15:44:48.457Z] > authorizing via signed-in user (axel.uebify@gmail.com)
[info] 
     ######## #### ########  ######## ########     ###     ######  ########
     ##        ##  ##     ## ##       ##     ##  ##   ##  ##       ##
     ######    ##  ########  ######   ########  #########  ######  ######
     ##        ##  ##    ##  ##       ##     ## ##     ##       ## ##
     ##       #### ##     ## ######## ########  ##     ##  ######  ########

You're about to initialize a Firebase project in this directory:

  /Users/edis/Sites/localhost

Before we get started, keep in mind:

  * You are initializing within an existing Firebase project directory

